<?xml version="1.0" encoding="UTF-8"?>
<!-- Generated by org.testng.reporters.JUnitXMLReporter -->
<testsuite ignored="0" hostname="DESKTOP-2GL3S1F" failures="1" tests="3" name="Test" time="18.943" errors="0" timestamp="2024-04-01T21:17:15 COT">
  <testcase classname="com.reports.tests.ReportTest" name="getTitle" time="0.042"/>
  <testcase classname="com.reports.tests.ReportTest" name="skipTest" time="0.007">
    <skipped/>
  </testcase> <!-- skipTest -->
  <testcase classname="com.reports.tests.ReportTest" name="getLogo" time="0.075">
    <failure type="java.lang.AssertionError">
      <![CDATA[java.lang.AssertionError: 
at com.reports.tests.ReportTest.getLogo(ReportTest.java:30)
at java.base/java.util.ArrayList.forEach(ArrayList.java:1511)
... Removed 31 stack frames]]>
    </failure>
  </testcase> <!-- getLogo -->
</testsuite> <!-- Test -->
